This is pdfTeX, Version 3.141592653-2.6-1.40.22 (TeX Live 2021) (preloaded format=pdflatex 2021.9.20)  6 NOV 2023 20:04
entering extended mode
 restricted \write18 enabled.
 file:line:error style messages enabled.
 %&-line parsing enabled.
**/Users/alessiocanclini/geo2320_oceanography/cruise/tex/geo2320_report.tex
(/Users/alessiocanclini/geo2320_oceanography/cruise/tex/geo2320_report.tex
LaTeX2e <2020-10-01> patch level 4
L3 programming layer <2021-02-18> (/usr/local/texlive/2021/texmf-dist/tex/latex/base/article.cls
Document Class: article 2020/04/10 v1.4m Standard LaTeX document class
(/usr/local/texlive/2021/texmf-dist/tex/latex/base/size10.clo
File: size10.clo 2020/04/10 v1.4m Standard LaTeX file (size option)
)
\c@part=\count179
\c@section=\count180
\c@subsection=\count181
\c@subsubsection=\count182
\c@paragraph=\count183
\c@subparagraph=\count184
\c@figure=\count185
\c@table=\count186
\abovecaptionskip=\skip47
\belowcaptionskip=\skip48
\bibindent=\dimen138
) (/usr/local/texlive/2021/texmf-dist/tex/latex/geometry/geometry.sty
Package: geometry 2020/01/02 v5.9 Page Geometry
 (/usr/local/texlive/2021/texmf-dist/tex/latex/graphics/keyval.sty
Package: keyval 2014/10/28 v1.15 key=value parser (DPC)
\KV@toks@=\toks15
) (/usr/local/texlive/2021/texmf-dist/tex/generic/iftex/ifvtex.sty
Package: ifvtex 2019/10/25 v1.7 ifvtex legacy package. Use iftex instead.
 (/usr/local/texlive/2021/texmf-dist/tex/generic/iftex/iftex.sty
Package: iftex 2020/03/06 v1.0d TeX engine tests
))
\Gm@cnth=\count187
\Gm@cntv=\count188
\c@Gm@tempcnt=\count189
\Gm@bindingoffset=\dimen139
\Gm@wd@mp=\dimen140
\Gm@odd@mp=\dimen141
\Gm@even@mp=\dimen142
\Gm@layoutwidth=\dimen143
\Gm@layoutheight=\dimen144
\Gm@layouthoffset=\dimen145
\Gm@layoutvoffset=\dimen146
\Gm@dimlist=\toks16
) (/usr/local/texlive/2021/texmf-dist/tex/latex/base/inputenc.sty
Package: inputenc 2020/08/01 v1.3d Input encoding file
\inpenc@prehook=\toks17
\inpenc@posthook=\toks18
) (/usr/local/texlive/2021/texmf-dist/tex/generic/babel/babel.sty
Package: babel 2021/03/24 3.56 The Babel package
 (/usr/local/texlive/2021/texmf-dist/tex/generic/babel/babel.def
File: babel.def 2021/03/24 3.56 Babel common definitions
\babel@savecnt=\count190
\U@D=\dimen147
\l@babelnohyphens=\language87
 (/usr/local/texlive/2021/texmf-dist/tex/generic/babel/txtbabel.def)
\bbl@readstream=\read2
)
\bbl@dirlevel=\count191
 (/usr/local/texlive/2021/texmf-dist/tex/generic/babel-english/english.ldf
Language: english 2017/06/06 v3.3r English support from the babel system
Package babel Info: \l@canadian = using hyphenrules for english
(babel)             (\language0) on input line 102.
Package babel Info: \l@australian = using hyphenrules for ukenglish
(babel)             (\language21) on input line 105.
Package babel Info: \l@newzealand = using hyphenrules for ukenglish
(babel)             (\language21) on input line 108.
)) (/usr/local/texlive/2021/texmf-dist/tex/latex/amsmath/amsmath.sty
Package: amsmath 2020/09/23 v2.17i AMS math features
\@mathmargin=\skip49

For additional information on amsmath, use the `?' option.
(/usr/local/texlive/2021/texmf-dist/tex/latex/amsmath/amstext.sty
Package: amstext 2000/06/29 v2.01 AMS text
 (/usr/local/texlive/2021/texmf-dist/tex/latex/amsmath/amsgen.sty
File: amsgen.sty 1999/11/30 v2.0 generic functions
\@emptytoks=\toks19
\ex@=\dimen148
)) (/usr/local/texlive/2021/texmf-dist/tex/latex/amsmath/amsbsy.sty
Package: amsbsy 1999/11/29 v1.2d Bold Symbols
\pmbraise@=\dimen149
) (/usr/local/texlive/2021/texmf-dist/tex/latex/amsmath/amsopn.sty
Package: amsopn 2016/03/08 v2.02 operator names
)
\inf@bad=\count192
LaTeX Info: Redefining \frac on input line 234.
\uproot@=\count193
\leftroot@=\count194
LaTeX Info: Redefining \overline on input line 399.
\classnum@=\count195
\DOTSCASE@=\count196
LaTeX Info: Redefining \ldots on input line 496.
LaTeX Info: Redefining \dots on input line 499.
LaTeX Info: Redefining \cdots on input line 620.
\Mathstrutbox@=\box47
\strutbox@=\box48
\big@size=\dimen150
LaTeX Font Info:    Redeclaring font encoding OML on input line 743.
LaTeX Font Info:    Redeclaring font encoding OMS on input line 744.
\macc@depth=\count197
\c@MaxMatrixCols=\count198
\dotsspace@=\muskip16
\c@parentequation=\count199
\dspbrk@lvl=\count266
\tag@help=\toks20
\row@=\count267
\column@=\count268
\maxfields@=\count269
\andhelp@=\toks21
\eqnshift@=\dimen151
\alignsep@=\dimen152
\tagshift@=\dimen153
\tagwidth@=\dimen154
\totwidth@=\dimen155
\lineht@=\dimen156
\@envbody=\toks22
\multlinegap=\skip50
\multlinetaggap=\skip51
\mathdisplay@stack=\toks23
LaTeX Info: Redefining \[ on input line 2923.
LaTeX Info: Redefining \] on input line 2924.
) (/usr/local/texlive/2021/texmf-dist/tex/latex/graphics/graphicx.sty
Package: graphicx 2020/09/09 v1.2b Enhanced LaTeX Graphics (DPC,SPQR)
 (/usr/local/texlive/2021/texmf-dist/tex/latex/graphics/graphics.sty
Package: graphics 2020/08/30 v1.4c Standard LaTeX Graphics (DPC,SPQR)
 (/usr/local/texlive/2021/texmf-dist/tex/latex/graphics/trig.sty
Package: trig 2016/01/03 v1.10 sin cos tan (DPC)
) (/usr/local/texlive/2021/texmf-dist/tex/latex/graphics-cfg/graphics.cfg
File: graphics.cfg 2016/06/04 v1.11 sample graphics configuration
)
Package graphics Info: Driver file: pdftex.def on input line 105.
 (/usr/local/texlive/2021/texmf-dist/tex/latex/graphics-def/pdftex.def
File: pdftex.def 2020/10/05 v1.2a Graphics/color driver for pdftex
))
\Gin@req@height=\dimen157
\Gin@req@width=\dimen158
) (/usr/local/texlive/2021/texmf-dist/tex/latex/tools/varioref.sty
Package: varioref 2020/08/11 v1.6e package for extended references (FMi)
\c@vrcnt=\count270
) (/usr/local/texlive/2021/texmf-dist/tex/latex/tools/verbatim.sty
Package: verbatim 2020-07-07 v1.5u LaTeX2e package for verbatim enhancements
\every@verbatim=\toks24
\verbatim@line=\toks25
\verbatim@in@stream=\read3
) (/usr/local/texlive/2021/texmf-dist/tex/latex/amsfonts/amsfonts.sty
Package: amsfonts 2013/01/14 v3.01 Basic AMSFonts support
\symAMSa=\mathgroup4
\symAMSb=\mathgroup5
LaTeX Font Info:    Redeclaring math symbol \hbar on input line 98.
LaTeX Font Info:    Overwriting math alphabet `\mathfrak' in version `bold'
(Font)                  U/euf/m/n --> U/euf/b/n on input line 106.
) (/usr/local/texlive/2021/texmf-dist/tex/latex/wasysym/wasysym.sty
Package: wasysym 2020/01/19 v2.4 Wasy-2 symbol support package
\symwasy=\mathgroup6
LaTeX Font Info:    Overwriting symbol font `wasy' in version `bold'
(Font)                  U/wasy/m/n --> U/wasy/b/n on input line 93.
) (/usr/local/texlive/2021/texmf-dist/tex/latex/enumitem/enumitem.sty
Package: enumitem 2019/06/20 v3.9 Customized lists
\labelindent=\skip52
\enit@outerparindent=\dimen159
\enit@toks=\toks26
\enit@inbox=\box49
\enit@count@id=\count271
\enitdp@description=\count272
) (/usr/local/texlive/2021/texmf-dist/tex/latex/tools/bm.sty
Package: bm 2019/07/24 v1.2d Bold Symbol Support (DPC/FMi)
\symboldoperators=\mathgroup7
\symboldletters=\mathgroup8
\symboldsymbols=\mathgroup9
\symboldwasy=\mathgroup10
LaTeX Font Info:    Redeclaring math alphabet \mathbf on input line 141.
LaTeX Info: Redefining \bm on input line 209.
) (/usr/local/texlive/2021/texmf-dist/tex/latex/xcolor/xcolor.sty
Package: xcolor 2016/05/11 v2.12 LaTeX color extensions (UK)
 (/usr/local/texlive/2021/texmf-dist/tex/latex/graphics-cfg/color.cfg
File: color.cfg 2016/01/02 v1.6 sample color configuration
)
Package xcolor Info: Package option `usenames' ignored on input line 216.
Package xcolor Info: Driver file: pdftex.def on input line 225.
 (/usr/local/texlive/2021/texmf-dist/tex/latex/colortbl/colortbl.sty
Package: colortbl 2020/01/04 v1.0e Color table columns (DPC)
 (/usr/local/texlive/2021/texmf-dist/tex/latex/tools/array.sty
Package: array 2020/10/01 v2.5c Tabular extension package (FMi)
\col@sep=\dimen160
\ar@mcellbox=\box50
\extrarowheight=\dimen161
\NC@list=\toks27
\extratabsurround=\skip53
\backup@length=\skip54
\ar@cellbox=\box51
)
\everycr=\toks28
\minrowclearance=\skip55
)
\rownum=\count273
Package xcolor Info: Model `cmy' substituted by `cmy0' on input line 1348.
Package xcolor Info: Model `hsb' substituted by `rgb' on input line 1352.
Package xcolor Info: Model `RGB' extended on input line 1364.
Package xcolor Info: Model `HTML' substituted by `rgb' on input line 1366.
Package xcolor Info: Model `Hsb' substituted by `hsb' on input line 1367.
Package xcolor Info: Model `tHsb' substituted by `hsb' on input line 1368.
Package xcolor Info: Model `HSB' substituted by `hsb' on input line 1369.
Package xcolor Info: Model `Gray' substituted by `gray' on input line 1370.
Package xcolor Info: Model `wave' substituted by `hsb' on input line 1371.
 (/usr/local/texlive/2021/texmf-dist/tex/latex/graphics/dvipsnam.def
File: dvipsnam.def 2016/06/17 v3.0m Driver-dependent file (DPC,SPQR)
) (/usr/local/texlive/2021/texmf-dist/tex/latex/xcolor/svgnam.def
File: svgnam.def 2016/05/11 v2.12 Predefined colors according to SVG 1.1 (UK)
)) (/usr/local/texlive/2021/texmf-dist/tex/latex/hyperref/hyperref.sty
Package: hyperref 2021-02-27 v7.00k Hypertext links for LaTeX
 (/usr/local/texlive/2021/texmf-dist/tex/generic/ltxcmds/ltxcmds.sty
Package: ltxcmds 2020-05-10 v1.25 LaTeX kernel commands for general use (HO)
) (/usr/local/texlive/2021/texmf-dist/tex/generic/pdftexcmds/pdftexcmds.sty
Package: pdftexcmds 2020-06-27 v0.33 Utility functions of pdfTeX for LuaTeX (HO)
 (/usr/local/texlive/2021/texmf-dist/tex/generic/infwarerr/infwarerr.sty
Package: infwarerr 2019/12/03 v1.5 Providing info/warning/error messages (HO)
)
Package pdftexcmds Info: \pdf@primitive is available.
Package pdftexcmds Info: \pdf@ifprimitive is available.
Package pdftexcmds Info: \pdfdraftmode found.
) (/usr/local/texlive/2021/texmf-dist/tex/generic/kvsetkeys/kvsetkeys.sty
Package: kvsetkeys 2019/12/15 v1.18 Key value parser (HO)
) (/usr/local/texlive/2021/texmf-dist/tex/generic/kvdefinekeys/kvdefinekeys.sty
Package: kvdefinekeys 2019-12-19 v1.6 Define keys (HO)
) (/usr/local/texlive/2021/texmf-dist/tex/generic/pdfescape/pdfescape.sty
Package: pdfescape 2019/12/09 v1.15 Implements pdfTeX's escape features (HO)
) (/usr/local/texlive/2021/texmf-dist/tex/latex/hycolor/hycolor.sty
Package: hycolor 2020-01-27 v1.10 Color options for hyperref/bookmark (HO)
) (/usr/local/texlive/2021/texmf-dist/tex/latex/letltxmacro/letltxmacro.sty
Package: letltxmacro 2019/12/03 v1.6 Let assignment for LaTeX macros (HO)
) (/usr/local/texlive/2021/texmf-dist/tex/latex/auxhook/auxhook.sty
Package: auxhook 2019-12-17 v1.6 Hooks for auxiliary files (HO)
) (/usr/local/texlive/2021/texmf-dist/tex/latex/kvoptions/kvoptions.sty
Package: kvoptions 2020-10-07 v3.14 Key value format for package options (HO)
)
\@linkdim=\dimen162
\Hy@linkcounter=\count274
\Hy@pagecounter=\count275
 (/usr/local/texlive/2021/texmf-dist/tex/latex/hyperref/pd1enc.def
File: pd1enc.def 2021-02-27 v7.00k Hyperref: PDFDocEncoding definition (HO)
Now handling font encoding PD1 ...
... no UTF-8 mapping file for font encoding PD1
) (/usr/local/texlive/2021/texmf-dist/tex/latex/hyperref/hyperref-langpatches.def
File: hyperref-langpatches.def 2021-02-27 v7.00k Hyperref: patches for babel languages
) (/usr/local/texlive/2021/texmf-dist/tex/generic/intcalc/intcalc.sty
Package: intcalc 2019/12/15 v1.3 Expandable calculations with integers (HO)
) (/usr/local/texlive/2021/texmf-dist/tex/generic/etexcmds/etexcmds.sty
Package: etexcmds 2019/12/15 v1.7 Avoid name clashes with e-TeX commands (HO)
)
\Hy@SavedSpaceFactor=\count276
 (/usr/local/texlive/2021/texmf-dist/tex/latex/hyperref/puenc.def
File: puenc.def 2021-02-27 v7.00k Hyperref: PDF Unicode definition (HO)
Now handling font encoding PU ...
... no UTF-8 mapping file for font encoding PU
)
Package hyperref Info: Option `colorlinks' set `true' on input line 4073.
Package hyperref Info: Hyper figures OFF on input line 4192.
Package hyperref Info: Link nesting OFF on input line 4197.
Package hyperref Info: Hyper index ON on input line 4200.
Package hyperref Info: Plain pages OFF on input line 4207.
Package hyperref Info: Backreferencing OFF on input line 4212.
Package hyperref Info: Implicit mode ON; LaTeX internals redefined.
Package hyperref Info: Bookmarks ON on input line 4445.
\c@Hy@tempcnt=\count277
 (/usr/local/texlive/2021/texmf-dist/tex/latex/url/url.sty
\Urlmuskip=\muskip17
Package: url 2013/09/16  ver 3.4  Verb mode for urls, etc.
)
LaTeX Info: Redefining \url on input line 4804.
\XeTeXLinkMargin=\dimen163
 (/usr/local/texlive/2021/texmf-dist/tex/generic/bitset/bitset.sty
Package: bitset 2019/12/09 v1.3 Handle bit-vector datatype (HO)
 (/usr/local/texlive/2021/texmf-dist/tex/generic/bigintcalc/bigintcalc.sty
Package: bigintcalc 2019/12/15 v1.5 Expandable calculations on big integers (HO)
))
\Fld@menulength=\count278
\Field@Width=\dimen164
\Fld@charsize=\dimen165
Package hyperref Info: Hyper figures OFF on input line 6075.
Package hyperref Info: Link nesting OFF on input line 6080.
Package hyperref Info: Hyper index ON on input line 6083.
Package hyperref Info: backreferencing OFF on input line 6090.
Package hyperref Info: Link coloring ON on input line 6093.
Package hyperref Info: Link coloring with OCG OFF on input line 6100.
Package hyperref Info: PDF/A mode OFF on input line 6105.
LaTeX Info: Redefining \ref on input line 6145.
LaTeX Info: Redefining \pageref on input line 6149.
 (/usr/local/texlive/2021/texmf-dist/tex/latex/base/atbegshi-ltx.sty
Package: atbegshi-ltx 2020/08/17 v1.0a Emulation of the original atbegshi package
with kernel methods
)
\Hy@abspage=\count279
\c@Item=\count280
\c@Hfootnote=\count281
)
Package hyperref Info: Driver (autodetected): hpdftex.
 (/usr/local/texlive/2021/texmf-dist/tex/latex/hyperref/hpdftex.def
File: hpdftex.def 2021-02-27 v7.00k Hyperref driver for pdfTeX
 (/usr/local/texlive/2021/texmf-dist/tex/latex/base/atveryend-ltx.sty
Package: atveryend-ltx 2020/08/19 v1.0a Emulation of the original atvery package
with kernel methods
)
\Fld@listcount=\count282
\c@bookmark@seq@number=\count283
 (/usr/local/texlive/2021/texmf-dist/tex/latex/rerunfilecheck/rerunfilecheck.sty
Package: rerunfilecheck 2019/12/05 v1.9 Rerun checks for auxiliary files (HO)
 (/usr/local/texlive/2021/texmf-dist/tex/generic/uniquecounter/uniquecounter.sty
Package: uniquecounter 2019/12/15 v1.4 Provide unlimited unique counter (HO)
)
Package uniquecounter Info: New unique counter `rerunfilecheck' on input line 286.
)
\Hy@SectionHShift=\skip56
) (/usr/local/texlive/2021/texmf-dist/tex/latex/float/float.sty
Package: float 2001/11/08 v1.3d Float enhancements (AL)
\c@float@type=\count284
\float@exts=\toks29
\float@box=\box52
\@float@everytoks=\toks30
\@floatcapt=\box53
) (/usr/local/texlive/2021/texmf-dist/tex/latex/wrapfig/wrapfig.sty
\wrapoverhang=\dimen166
\WF@size=\dimen167
\c@WF@wrappedlines=\count285
\WF@box=\box54
\WF@everypar=\toks31
Package: wrapfig 2003/01/31  v 3.6
) (/usr/local/texlive/2021/texmf-dist/tex/latex/caption/subcaption.sty
Package: subcaption 2020/10/07 v1.3j Sub-captions (AR)
 (/usr/local/texlive/2021/texmf-dist/tex/latex/caption/caption.sty
Package: caption 2020/10/26 v3.5g Customizing captions (AR)
 (/usr/local/texlive/2021/texmf-dist/tex/latex/caption/caption3.sty
Package: caption3 2020/10/21 v2.2e caption3 kernel (AR)
\captionmargin=\dimen168
\captionmargin@=\dimen169
\captionwidth=\dimen170
\caption@tempdima=\dimen171
\caption@indent=\dimen172
\caption@parindent=\dimen173
\caption@hangindent=\dimen174
Package caption Info: Standard document class detected.
)
\c@caption@flags=\count286
\c@continuedfloat=\count287
Package caption Info: float package is loaded.
Package caption Info: hyperref package is loaded.
Package caption Info: wrapfig package is loaded.
)
\c@subfigure=\count288
\c@subtable=\count289
) (/usr/local/texlive/2021/texmf-dist/tex/latex/changepage/changepage.sty
Package: changepage 2009/10/20 v1.0c check page and change page layout
\c@cp@cntr=\count290
\cp@tempcnt=\count291
) (/usr/local/texlive/2021/texmf-dist/tex/latex/base/textcomp.sty
Package: textcomp 2020/02/02 v2.0n Standard LaTeX package
) (/usr/local/texlive/2021/texmf-dist/tex/latex/listings/listings.sty
\lst@mode=\count292
\lst@gtempboxa=\box55
\lst@token=\toks32
\lst@length=\count293
\lst@currlwidth=\dimen175
\lst@column=\count294
\lst@pos=\count295
\lst@lostspace=\dimen176
\lst@width=\dimen177
\lst@newlines=\count296
\lst@lineno=\count297
\lst@maxwidth=\dimen178
 (/usr/local/texlive/2021/texmf-dist/tex/latex/listings/lstmisc.sty
File: lstmisc.sty 2020/03/24 1.8d (Carsten Heinz)
\c@lstnumber=\count298
\lst@skipnumbers=\count299
\lst@framebox=\box56
) (/usr/local/texlive/2021/texmf-dist/tex/latex/listings/listings.cfg
File: listings.cfg 2020/03/24 1.8d listings configuration
))
Package: listings 2020/03/24 1.8d (Carsten Heinz)
 (/usr/local/texlive/2021/texmf-dist/tex/latex/listings/lstlang1.sty
File: lstlang1.sty 2020/03/24 1.8d listings language file
)
\c@subproject=\count300
 (/usr/local/texlive/2021/texmf-dist/tex/latex/l3backend/l3backend-pdftex.def
File: l3backend-pdftex.def 2021-03-18 L3 backend support: PDF output (pdfTeX)
\l__color_backend_stack_int=\count301
\l__pdf_internal_box=\box57
) (/Users/alessiocanclini/geo2320_oceanography/cruise/tex/geo2320_report.aux

LaTeX Warning: Label `fig:handheld_m1lA' multiply defined.


LaTeX Warning: Label `sub@fig:handheld_m1lA' multiply defined.


LaTeX Warning: Label `fig:handheld_m6lA' multiply defined.


LaTeX Warning: Label `sub@fig:handheld_m6lA' multiply defined.


LaTeX Warning: Label `fig:location_Aapp' multiply defined.

)
\openout1 = `geo2320_report.aux'.

LaTeX Font Info:    Checking defaults for OML/cmm/m/it on input line 80.
LaTeX Font Info:    ... okay on input line 80.
LaTeX Font Info:    Checking defaults for OMS/cmsy/m/n on input line 80.
LaTeX Font Info:    ... okay on input line 80.
LaTeX Font Info:    Checking defaults for OT1/cmr/m/n on input line 80.
LaTeX Font Info:    ... okay on input line 80.
LaTeX Font Info:    Checking defaults for T1/cmr/m/n on input line 80.
LaTeX Font Info:    ... okay on input line 80.
LaTeX Font Info:    Checking defaults for TS1/cmr/m/n on input line 80.
LaTeX Font Info:    ... okay on input line 80.
LaTeX Font Info:    Checking defaults for OMX/cmex/m/n on input line 80.
LaTeX Font Info:    ... okay on input line 80.
LaTeX Font Info:    Checking defaults for U/cmr/m/n on input line 80.
LaTeX Font Info:    ... okay on input line 80.
LaTeX Font Info:    Checking defaults for PD1/pdf/m/n on input line 80.
LaTeX Font Info:    ... okay on input line 80.
LaTeX Font Info:    Checking defaults for PU/pdf/m/n on input line 80.
LaTeX Font Info:    ... okay on input line 80.

*geometry* driver: auto-detecting
*geometry* detected driver: pdftex
*geometry* verbose mode - [ preamble ] result:
* driver: pdftex
* paper: a4paper
* layout: <same size as paper>
* layoutoffset:(h,v)=(0.0pt,0.0pt)
* modes: 
* h-part:(L,W,R)=(76.82234pt, 443.86319pt, 76.82234pt)
* v-part:(T,H,B)=(56.9055pt, 717.00946pt, 71.13188pt)
* \paperwidth=597.50787pt
* \paperheight=845.04684pt
* \textwidth=443.86319pt
* \textheight=717.00946pt
* \oddsidemargin=4.55235pt
* \evensidemargin=4.55235pt
* \topmargin=-52.36449pt
* \headheight=12.0pt
* \headsep=25.0pt
* \topskip=10.0pt
* \footskip=30.0pt
* \marginparwidth=49.79231pt
* \marginparsep=11.0pt
* \columnsep=10.0pt
* \skip\footins=9.0pt plus 4.0pt minus 2.0pt
* \hoffset=0.0pt
* \voffset=0.0pt
* \mag=1000
* \@twocolumnfalse
* \@twosidefalse
* \@mparswitchfalse
* \@reversemarginfalse
* (1in=72.27pt=25.4mm, 1cm=28.453pt)

(/usr/local/texlive/2021/texmf-dist/tex/context/base/mkii/supp-pdf.mkii
[Loading MPS to PDF converter (version 2006.09.02).]
\scratchcounter=\count302
\scratchdimen=\dimen179
\scratchbox=\box58
\nofMPsegments=\count303
\nofMParguments=\count304
\everyMPshowfont=\toks33
\MPscratchCnt=\count305
\MPscratchDim=\dimen180
\MPnumerator=\count306
\makeMPintoPDFobject=\count307
\everyMPtoPDFconversion=\toks34
) (/usr/local/texlive/2021/texmf-dist/tex/latex/epstopdf-pkg/epstopdf-base.sty
Package: epstopdf-base 2020-01-24 v2.11 Base part for package epstopdf
Package epstopdf-base Info: Redefining graphics rule for `.eps' on input line 485.
 (/usr/local/texlive/2021/texmf-dist/tex/latex/latexconfig/epstopdf-sys.cfg
File: epstopdf-sys.cfg 2010/07/13 v1.3 Configuration of (r)epstopdf for TeX Live
))
Package hyperref Info: Link coloring ON on input line 80.
 (/usr/local/texlive/2021/texmf-dist/tex/latex/hyperref/nameref.sty
Package: nameref 2021-04-02 v2.47 Cross-referencing by name of section
 (/usr/local/texlive/2021/texmf-dist/tex/latex/refcount/refcount.sty
Package: refcount 2019/12/15 v3.6 Data extraction from label references (HO)
) (/usr/local/texlive/2021/texmf-dist/tex/generic/gettitlestring/gettitlestring.sty
Package: gettitlestring 2019/12/15 v1.6 Cleanup title references (HO)
)
\c@section@level=\count308
LaTeX Info: Redefining \Ref on input line 520.
)
LaTeX Info: Redefining \ref on input line 80.
LaTeX Info: Redefining \pageref on input line 80.
LaTeX Info: Redefining \nameref on input line 80.
 (/Users/alessiocanclini/geo2320_oceanography/cruise/tex/geo2320_report.out) (/Users/alessiocanclini/geo2320_oceanography/cruise/tex/geo2320_report.out)
\@outlinefile=\write3
\openout3 = `geo2320_report.out'.

LaTeX Info: Redefining \Ref on input line 80.
Package caption Info: Begin \AtBeginDocument code.
Package caption Info: changepage package is loaded.
\caption@adjustwidth@hsize=\dimen181
\caption@adjustwidth@linewidth=\dimen182
Package caption Info: listings package is loaded.
Package caption Info: End \AtBeginDocument code.
\c@lstlisting=\count309
LaTeX Font Info:    Trying to load font information for U+msa on input line 82.
 (/usr/local/texlive/2021/texmf-dist/tex/latex/amsfonts/umsa.fd
File: umsa.fd 2013/01/14 v3.01 AMS symbols A
)
LaTeX Font Info:    Trying to load font information for U+msb on input line 82.
 (/usr/local/texlive/2021/texmf-dist/tex/latex/amsfonts/umsb.fd
File: umsb.fd 2013/01/14 v3.01 AMS symbols B
)
LaTeX Font Info:    Trying to load font information for U+wasy on input line 82.
 (/usr/local/texlive/2021/texmf-dist/tex/latex/wasysym/uwasy.fd
File: uwasy.fd 2020/01/19 v2.4 Wasy-2 symbol font definitions
)

LaTeX Font Warning: Font shape `U/wasy/b/n' in size <8> not available
(Font)              Font shape `U/wasy/m/n' tried instead on input line 82.


LaTeX Font Warning: Font shape `U/wasy/b/n' in size <6> not available
(Font)              Font shape `U/wasy/m/n' tried instead on input line 82.

[1

{/usr/local/texlive/2021/texmf-var/fonts/map/pdftex/updmap/pdftex.map}]
<../figures/station_map_3_stations.png, id=77, 528.5346pt x 504.6855pt>
File: ../figures/station_map_3_stations.png Graphic file (type png)
<use ../figures/station_map_3_stations.png>
Package pdftex.def Info: ../figures/station_map_3_stations.png  used on input line 108.
(pdftex.def)             Requested size: 199.73708pt x 190.71976pt.


Package wrapfig Warning: Stationary wrapfigure forced to float on input line 113.


Underfull \hbox (badness 1675) in paragraph at lines 114--115
[]\OT1/cmr/m/n/10 A CTD mea-sures con-duc-tiv-ity, tem-per-a-ture and
 []

[2 </Users/alessiocanclini/geo2320_oceanography/cruise/tex/../figures/station_map_3_stations.png>] [3]
<../figures/combined_profiles/Location_A_morning_cruise.png, id=96, 568.7649pt x 398.9304pt>
File: ../figures/combined_profiles/Location_A_morning_cruise.png Graphic file (type png)
<use ../figures/combined_profiles/Location_A_morning_cruise.png>
Package pdftex.def Info: ../figures/combined_profiles/Location_A_morning_cruise.png  used on input line 155.
(pdftex.def)             Requested size: 288.50836pt x 202.3622pt.


LaTeX Font Warning: Font shape `U/wasy/b/n' in size <7> not available
(Font)              Font shape `U/wasy/m/n' tried instead on input line 158.


LaTeX Font Warning: Font shape `U/wasy/b/n' in size <5> not available
(Font)              Font shape `U/wasy/m/n' tried instead on input line 158.

<../figures/combined_profiles/Location_A_afternoon_cruise.png, id=97, 568.7649pt x 398.9304pt>
File: ../figures/combined_profiles/Location_A_afternoon_cruise.png Graphic file (type png)
<use ../figures/combined_profiles/Location_A_afternoon_cruise.png>
Package pdftex.def Info: ../figures/combined_profiles/Location_A_afternoon_cruise.png  used on input line 161.
(pdftex.def)             Requested size: 288.50836pt x 202.3622pt.
<../figures/combined_profiles/Location_C_morning_cruise.png, id=98, 568.7649pt x 398.9304pt>
File: ../figures/combined_profiles/Location_C_morning_cruise.png Graphic file (type png)
<use ../figures/combined_profiles/Location_C_morning_cruise.png>
Package pdftex.def Info: ../figures/combined_profiles/Location_C_morning_cruise.png  used on input line 175.
(pdftex.def)             Requested size: 288.50836pt x 202.3622pt.
<../figures/combined_profiles/Location_C_afternoon_cruise.png, id=99, 568.7649pt x 398.9304pt>
File: ../figures/combined_profiles/Location_C_afternoon_cruise.png Graphic file (type png)
<use ../figures/combined_profiles/Location_C_afternoon_cruise.png>
Package pdftex.def Info: ../figures/combined_profiles/Location_C_afternoon_cruise.png  used on input line 181.
(pdftex.def)             Requested size: 288.50836pt x 202.3622pt.
[4 </Users/alessiocanclini/geo2320_oceanography/cruise/tex/../figures/combined_profiles/Location_A_morning_cruise.png> </Users/alessiocanclini/geo2320_oceanography/cruise/tex/../figures/combined_profiles/Location_A_afternoon_cruise.png> </Users/alessiocanclini/geo2320_oceanography/cruise/tex/../figures/combined_profiles/Location_C_morning_cruise.png> </Users/alessiocanclini/geo2320_oceanography/cruise/tex/../figures/combined_profiles/Location_C_afternoon_cruise.png>]
<../figures/drifters/drifters_tokt1.png, id=111, 550.9383pt x 504.6855pt>
File: ../figures/drifters/drifters_tokt1.png Graphic file (type png)
<use ../figures/drifters/drifters_tokt1.png>
Package pdftex.def Info: ../figures/drifters/drifters_tokt1.png  used on input line 211.
(pdftex.def)             Requested size: 221.9316pt x 203.30298pt.
<../figures/drifters/drifters_tokt2.png, id=112, 551.4201pt x 504.6855pt>
File: ../figures/drifters/drifters_tokt2.png Graphic file (type png)
<use ../figures/drifters/drifters_tokt2.png>
Package pdftex.def Info: ../figures/drifters/drifters_tokt2.png  used on input line 217.
(pdftex.def)             Requested size: 221.9316pt x 203.12585pt.
</Users/alessiocanclini/geo2320_oceanography/cruise/data/drifters/studenttokt_20230928.png, id=113, 1139.6979pt x 789.9111pt>
File: /Users/alessiocanclini/geo2320_oceanography/cruise/data/drifters/studenttokt_20230928.png Graphic file (type png)
<use /Users/alessiocanclini/geo2320_oceanography/cruise/data/drifters/studenttokt_20230928.png>
Package pdftex.def Info: /Users/alessiocanclini/geo2320_oceanography/cruise/data/drifters/studenttokt_20230928.png  used on input line 232.
(pdftex.def)             Requested size: 443.86319pt x 307.63017pt.
 [5 </Users/alessiocanclini/geo2320_oceanography/cruise/tex/../figures/drifters/drifters_tokt1.png> </Users/alessiocanclini/geo2320_oceanography/cruise/tex/../figures/drifters/drifters_tokt2.png>] [6 </Users/alessiocanclini/geo2320_oceanography/cruise/data/drifters/studenttokt_20230928.png>]
Overfull \hbox (52.78769pt too wide) in paragraph at lines 290--304
 [] 
 []


Overfull \hbox (10.20425pt too wide) in paragraph at lines 316--326
 [] 
 []

[7]
<../figures/handheld_ctd/handhedld_ctd_Measurement_1_Location_A.png, id=139, 643.4439pt x 389.7762pt>
File: ../figures/handheld_ctd/handhedld_ctd_Measurement_1_Location_A.png Graphic file (type png)
<use ../figures/handheld_ctd/handhedld_ctd_Measurement_1_Location_A.png>
Package pdftex.def Info: ../figures/handheld_ctd/handhedld_ctd_Measurement_1_Location_A.png  used on input line 347.
(pdftex.def)             Requested size: 288.50836pt x 174.76723pt.
<../figures/handheld_ctd/handhedld_ctd_Measurement_6_Location_A.png, id=140, 643.4439pt x 389.7762pt>
File: ../figures/handheld_ctd/handhedld_ctd_Measurement_6_Location_A.png Graphic file (type png)
<use ../figures/handheld_ctd/handhedld_ctd_Measurement_6_Location_A.png>
Package pdftex.def Info: ../figures/handheld_ctd/handhedld_ctd_Measurement_6_Location_A.png  used on input line 353.
(pdftex.def)             Requested size: 288.50836pt x 174.76723pt.
<../figures/ship_ctd/ship_ctd_Measurement_1_Location_A.png, id=141, 574.0647pt x 389.7762pt>
File: ../figures/ship_ctd/ship_ctd_Measurement_1_Location_A.png Graphic file (type png)
<use ../figures/ship_ctd/ship_ctd_Measurement_1_Location_A.png>
Package pdftex.def Info: ../figures/ship_ctd/ship_ctd_Measurement_1_Location_A.png  used on input line 360.
(pdftex.def)             Requested size: 259.65576pt x 176.29573pt.
<../figures/ship_ctd/ship_ctd_Measurement_6_Location_A.png, id=142, 574.0647pt x 389.7762pt>
File: ../figures/ship_ctd/ship_ctd_Measurement_6_Location_A.png Graphic file (type png)
<use ../figures/ship_ctd/ship_ctd_Measurement_6_Location_A.png>
Package pdftex.def Info: ../figures/ship_ctd/ship_ctd_Measurement_6_Location_A.png  used on input line 366.
(pdftex.def)             Requested size: 259.65576pt x 176.29573pt.
<../figures/handheld_ctd/handhedld_ctd_Measurement_5_Location_B.png, id=143, 643.4439pt x 389.7762pt>
File: ../figures/handheld_ctd/handhedld_ctd_Measurement_5_Location_B.png Graphic file (type png)
<use ../figures/handheld_ctd/handhedld_ctd_Measurement_5_Location_B.png>
Package pdftex.def Info: ../figures/handheld_ctd/handhedld_ctd_Measurement_5_Location_B.png  used on input line 381.
(pdftex.def)             Requested size: 288.50836pt x 174.76723pt.
<../figures/ship_ctd/ship_ctd_Measurement_5_Location_B.png, id=144, 574.0647pt x 389.7762pt>
File: ../figures/ship_ctd/ship_ctd_Measurement_5_Location_B.png Graphic file (type png)
<use ../figures/ship_ctd/ship_ctd_Measurement_5_Location_B.png>
Package pdftex.def Info: ../figures/ship_ctd/ship_ctd_Measurement_5_Location_B.png  used on input line 387.
(pdftex.def)             Requested size: 288.50836pt x 195.8868pt.
 [8 </Users/alessiocanclini/geo2320_oceanography/cruise/tex/../figures/handheld_ctd/handhedld_ctd_Measurement_1_Location_A.png> </Users/alessiocanclini/geo2320_oceanography/cruise/tex/../figures/handheld_ctd/handhedld_ctd_Measurement_6_Location_A.png> </Users/alessiocanclini/geo2320_oceanography/cruise/tex/../figures/ship_ctd/ship_ctd_Measurement_1_Location_A.png> </Users/alessiocanclini/geo2320_oceanography/cruise/tex/../figures/ship_ctd/ship_ctd_Measurement_6_Location_A.png>]
<../figures/handheld_ctd/handhedld_ctd_Measurement_2_Location_C.png, id=154, 643.4439pt x 389.7762pt>
File: ../figures/handheld_ctd/handhedld_ctd_Measurement_2_Location_C.png Graphic file (type png)
<use ../figures/handheld_ctd/handhedld_ctd_Measurement_2_Location_C.png>
Package pdftex.def Info: ../figures/handheld_ctd/handhedld_ctd_Measurement_2_Location_C.png  used on input line 402.
(pdftex.def)             Requested size: 288.50836pt x 174.76723pt.
<../figures/handheld_ctd/handhedld_ctd_Measurement_4_Location_C.png, id=155, 643.4439pt x 389.7762pt>
File: ../figures/handheld_ctd/handhedld_ctd_Measurement_4_Location_C.png Graphic file (type png)
<use ../figures/handheld_ctd/handhedld_ctd_Measurement_4_Location_C.png>
Package pdftex.def Info: ../figures/handheld_ctd/handhedld_ctd_Measurement_4_Location_C.png  used on input line 408.
(pdftex.def)             Requested size: 288.50836pt x 174.76723pt.
<../figures/ship_ctd/ship_ctd_Measurement_2_Location_C.png, id=156, 574.0647pt x 389.7762pt>
File: ../figures/ship_ctd/ship_ctd_Measurement_2_Location_C.png Graphic file (type png)
<use ../figures/ship_ctd/ship_ctd_Measurement_2_Location_C.png>
Package pdftex.def Info: ../figures/ship_ctd/ship_ctd_Measurement_2_Location_C.png  used on input line 415.
(pdftex.def)             Requested size: 259.65576pt x 176.29573pt.
<../figures/ship_ctd/ship_ctd_Measurement_4_Location_C.png, id=157, 574.0647pt x 389.7762pt>
File: ../figures/ship_ctd/ship_ctd_Measurement_4_Location_C.png Graphic file (type png)
<use ../figures/ship_ctd/ship_ctd_Measurement_4_Location_C.png>
Package pdftex.def Info: ../figures/ship_ctd/ship_ctd_Measurement_4_Location_C.png  used on input line 421.
(pdftex.def)             Requested size: 259.65576pt x 176.29573pt.
<../figures/model_profiles/model_profiles_A_2023_09_28_07.png, id=158, 633.567pt x 398.4486pt>
File: ../figures/model_profiles/model_profiles_A_2023_09_28_07.png Graphic file (type png)
<use ../figures/model_profiles/model_profiles_A_2023_09_28_07.png>
Package pdftex.def Info: ../figures/model_profiles/model_profiles_A_2023_09_28_07.png  used on input line 438.
(pdftex.def)             Requested size: 288.50836pt x 181.4403pt.
<../figures/model_profiles/model_profiles_A_2023_09_28_13.png, id=159, 633.567pt x 398.4486pt>
File: ../figures/model_profiles/model_profiles_A_2023_09_28_13.png Graphic file (type png)
<use ../figures/model_profiles/model_profiles_A_2023_09_28_13.png>
Package pdftex.def Info: ../figures/model_profiles/model_profiles_A_2023_09_28_13.png  used on input line 444.
(pdftex.def)             Requested size: 288.50836pt x 181.4403pt.
<../figures/model_profiles/model_profiles_C_2023_09_28_08.png, id=160, 619.5948pt x 398.4486pt>
File: ../figures/model_profiles/model_profiles_C_2023_09_28_08.png Graphic file (type png)
<use ../figures/model_profiles/model_profiles_C_2023_09_28_08.png>
Package pdftex.def Info: ../figures/model_profiles/model_profiles_C_2023_09_28_08.png  used on input line 451.
(pdftex.def)             Requested size: 259.65576pt x 166.98247pt.
<../figures/model_profiles/model_profiles_C_2023_09_28_12.png, id=161, 619.5948pt x 398.4486pt>
File: ../figures/model_profiles/model_profiles_C_2023_09_28_12.png Graphic file (type png)
<use ../figures/model_profiles/model_profiles_C_2023_09_28_12.png>
Package pdftex.def Info: ../figures/model_profiles/model_profiles_C_2023_09_28_12.png  used on input line 457.
(pdftex.def)             Requested size: 259.65576pt x 166.98247pt.
 [9 </Users/alessiocanclini/geo2320_oceanography/cruise/tex/../figures/handheld_ctd/handhedld_ctd_Measurement_5_Location_B.png> </Users/alessiocanclini/geo2320_oceanography/cruise/tex/../figures/ship_ctd/ship_ctd_Measurement_5_Location_B.png> </Users/alessiocanclini/geo2320_oceanography/cruise/tex/../figures/handheld_ctd/handhedld_ctd_Measurement_2_Location_C.png> </Users/alessiocanclini/geo2320_oceanography/cruise/tex/../figures/handheld_ctd/handhedld_ctd_Measurement_4_Location_C.png> </Users/alessiocanclini/geo2320_oceanography/cruise/tex/../figures/ship_ctd/ship_ctd_Measurement_2_Location_C.png> </Users/alessiocanclini/geo2320_oceanography/cruise/tex/../figures/ship_ctd/ship_ctd_Measurement_4_Location_C.png>] [10 </Users/alessiocanclini/geo2320_oceanography/cruise/tex/../figures/model_profiles/model_profiles_A_2023_09_28_07.png> </Users/alessiocanclini/geo2320_oceanography/cruise/tex/../figures/model_profiles/model_profiles_A_2023_09_28_13.png> </Users/alessiocanclini/geo2320_oceanography/cruise/tex/../figures/model_profiles/model_profiles_C_2023_09_28_08.png> </Users/alessiocanclini/geo2320_oceanography/cruise/tex/../figures/model_profiles/model_profiles_C_2023_09_28_12.png>] (/Users/alessiocanclini/geo2320_oceanography/cruise/tex/geo2320_report.aux)

LaTeX Warning: There were multiply-defined labels.

Package rerunfilecheck Info: File `geo2320_report.out' has not changed.
(rerunfilecheck)             Checksum: 29902DFBA6F690A8794C2025E99C9883;2086.
 ) 
Here is how much of TeX's memory you used:
 14319 strings out of 478994
 219772 string characters out of 5858184
 744781 words of memory out of 5000000
 31491 multiletter control sequences out of 15000+600000
 418593 words of font info for 84 fonts, out of 8000000 for 9000
 1141 hyphenation exceptions out of 8191
 71i,10n,77p,884b,556s stack positions out of 5000i,500n,10000p,200000b,80000s
{/usr/local/texlive/2021/texmf-dist/fonts/enc/dvips/cm-super/cm-super-ts1.enc}</usr/local/texlive/2021/texmf-dist/fonts/type1/public/amsfonts/cm/cmbx12.pfb></usr/local/texlive/2021/texmf-dist/fonts/type1/public/amsfonts/cm/cmr10.pfb></usr/local/texlive/2021/texmf-dist/fonts/type1/public/amsfonts/cm/cmr12.pfb></usr/local/texlive/2021/texmf-dist/fonts/type1/public/amsfonts/cm/cmr17.pfb></usr/local/texlive/2021/texmf-dist/fonts/type1/public/amsfonts/cm/cmr7.pfb></usr/local/texlive/2021/texmf-dist/fonts/type1/public/amsfonts/cm/cmr9.pfb></usr/local/texlive/2021/texmf-dist/fonts/type1/public/amsfonts/cm/cmsy10.pfb></usr/local/texlive/2021/texmf-dist/fonts/type1/public/cm-super/sfrm1000.pfb>
Output written on /Users/alessiocanclini/geo2320_oceanography/cruise/tex/geo2320_report.pdf (10 pages, 4657435 bytes).
PDF statistics:
 225 PDF objects out of 1000 (max. 8388607)
 159 compressed objects within 2 object streams
 48 named destinations out of 1000 (max. 500000)
 231 words of extra memory for PDF output out of 10000 (max. 10000000)

